<?xml version="1.0" encoding="UTF-8"?>
<!-- Generated by org.testng.reporters.JUnitReportReporter -->
<testsuite hostname="DESKTOP-3M30ENU" failures="0" tests="2" name="TestNGScripts.SoftAssert1" time="6.873" errors="0" timestamp="2022-10-19T17:25:12 IST" skipped="0">
  <testcase classname="TestNGScripts.SoftAssert1" name="OpenBrowser" time="4.413"/>
  <system-out>
    <![CDATA[This test verifies the current selenium compatibility with TestNG by launching the chrome driver
Launching Google Chrome Driver version 81 for this test
The website used was Oracle for this test
Checking title for Oracle – Oracle Website to Practice Automation]]>
  </system-out>
  <testcase classname="TestNGScripts.SoftAssert1" name="CloseBrowser" time="2.460"/>
  <system-out>
    <![CDATA[Driver Closed After Testing]]>
  </system-out>
</testsuite> <!-- TestNGScripts.SoftAssert1 -->
