<?xml version="1.0" encoding="UTF-8"?>
<!-- Generated by org.testng.reporters.JUnitXMLReporter -->
<testsuite ignored="0" hostname="DESKTOP-3M30ENU" failures="1" tests="3" name="ExecutingListeners" time="0.08" errors="0" timestamp="2022-10-21T13:23:42 IST">
  <testcase classname="TestNGScripts.TestNGIRepoter2" name="firstMethod" time="0.012"/>
  <testcase classname="TestNGScripts.TestNGIRepoter2" name="secondMethod" time="0.001">
    <failure type="java.lang.AssertionError" message="expected [true] but found [false]">
      <![CDATA[java.lang.AssertionError: expected [true] but found [false]
at TestNGScripts.TestNGIRepoter2.secondMethod(TestNGIRepoter2.java:13)
at java.base/java.util.ArrayList.forEach(ArrayList.java:1511)
... Removed 31 stack frames]]>
    </failure>
  </testcase> <!-- secondMethod -->
  <testcase classname="TestNGScripts.TestNGIRepoter2" name="thirdMethod" time="0.002"/>
</testsuite> <!-- ExecutingListeners -->
