<?xml version="1.0" encoding="UTF-8"?>
<!-- Generated by org.testng.reporters.JUnitXMLReporter -->
<testsuite ignored="0" hostname="DESKTOP-3M30ENU" failures="0" tests="1" name="FirefoxTest" time="0.14" errors="0" timestamp="2022-10-19T16:12:26 IST">
  <testcase classname="TestNGScripts.MultiBrowser" name="@BeforeClass beforeTest" time="0.067">
    <failure type="java.lang.IllegalStateException" message="The driver executable must be a regular file: C:\Navya\Selenium\Drivers">
      <![CDATA[java.lang.IllegalStateException: The driver executable must be a regular file: C:\Navya\Selenium\Drivers
at org.openqa.selenium.internal.Require$FileStateChecker.isFile(Require.java:345)
at org.openqa.selenium.remote.service.DriverService.checkExecutable(DriverService.java:147)
at org.openqa.selenium.remote.service.DriverService.findExecutable(DriverService.java:142)
at org.openqa.selenium.firefox.GeckoDriverService.access$100(GeckoDriverService.java:45)
at org.openqa.selenium.firefox.GeckoDriverService$Builder.findDefaultExecutable(GeckoDriverService.java:181)
at org.openqa.selenium.remote.service.DriverService$Builder.build(DriverService.java:437)
at org.openqa.selenium.firefox.GeckoDriverService.createDefaultService(GeckoDriverService.java:94)
at org.openqa.selenium.firefox.FirefoxDriver.<init>(FirefoxDriver.java:98)
at org.openqa.selenium.firefox.FirefoxDriver.<init>(FirefoxDriver.java:94)
at TestNGScripts.MultiBrowser.beforeTest(MultiBrowser.java:30)
at java.base/java.util.ArrayList.forEach(ArrayList.java:1511)
... Removed 25 stack frames]]>
    </failure>
  </testcase> <!-- @BeforeClass beforeTest -->
  <testcase classname="TestNGScripts.MultiBrowser" name="@AfterClass afterTest" time="-1.666176146428E9">
    <skipped/>
  </testcase> <!-- @AfterClass afterTest -->
  <testcase classname="TestNGScripts.MultiBrowser" name="login" time="0.0">
    <skipped/>
  </testcase> <!-- login -->
</testsuite> <!-- FirefoxTest -->
