<?xml version="1.0" encoding="UTF-8"?>
<!-- Generated by org.testng.reporters.JUnitXMLReporter -->
<testsuite ignored="0" hostname="DESKTOP-3M30ENU" failures="0" tests="1" name="gecko" time="0.072" errors="0" timestamp="2022-10-19T17:08:23 IST">
  <testcase classname="TestNGScripts.CrossBrowser" name="@BeforeTest setup" time="0.012">
    <failure type="java.lang.Exception" message="Browser is not correct">
      <![CDATA[java.lang.Exception: Browser is not correct
at TestNGScripts.CrossBrowser.setup(CrossBrowser.java:40)
... Removed 24 stack frames]]>
    </failure>
  </testcase> <!-- @BeforeTest setup -->
  <testcase classname="TestNGScripts.CrossBrowser" name="testParameterWithXML" time="0.0">
    <skipped/>
  </testcase> <!-- testParameterWithXML -->
</testsuite> <!-- gecko -->
