<?xml version="1.0" encoding="UTF-8"?>
<!-- Generated by org.testng.reporters.JUnitXMLReporter -->
<testsuite ignored="0" hostname="DESKTOP-3M30ENU" failures="0" tests="3" name="ParamaterAtSuiteLel" time="0.078" errors="0" timestamp="2022-10-18T16:15:55 IST">
  <testcase classname="TestNGScripts.ParamaterAtSuiteLel" name="Diff" time="0.009"/>
  <testcase classname="TestNGScripts.ParamaterAtSuiteLel" name="Sum" time="0.002"/>
  <testcase classname="TestNGScripts.ParamaterAtSuiteLel" name="mul" time="0.002"/>
</testsuite> <!-- ParamaterAtSuiteLel -->
