<?xml version="1.0" encoding="UTF-8"?>
<!-- Generated by org.testng.reporters.JUnitXMLReporter -->
<testsuite ignored="1" hostname="DESKTOP-3M30ENU" failures="0" tests="3" name="SmokeTest" time="24.239" errors="0" timestamp="2022-10-17T17:33:56 IST">
  <testcase classname="TestNGScripts.NewTest" name="aastarting_point" time="9.409"/>
  <testcase classname="TestNGScripts.NewTest" name="aexecute" time="4.097"/>
  <testcase classname="TestNGScripts.NewTest" name="click_element" time="10.652"/>
  <testcase classname="TestNGScripts.NewTest" name="checkTitle" time="0.0">
    <ignored/>
  </testcase> <!-- checkTitle -->
</testsuite> <!-- SmokeTest -->
