<?xml version="1.0" encoding="UTF-8"?>
<testng-results ignored="0" total="1" passed="1" failed="0" skipped="0">
  <reporter-output>
  </reporter-output>
  <suite started-at="2022-11-03T15:12:10 IST" name="Default suite" finished-at="2022-11-03T15:12:11 IST" duration-ms="1140">
    <groups>
    </groups>
    <test started-at="2022-11-03T15:12:10 IST" name="Default test" finished-at="2022-11-03T15:12:11 IST" duration-ms="1140">
      <class name="TestNGScripts.SampleExcel">
        <test-method signature="f()[pri:0, instance:TestNGScripts.SampleExcel@e15b7e8]" started-at="2022-11-03T15:12:10 IST" name="f" finished-at="2022-11-03T15:12:11 IST" duration-ms="1076" status="PASS">
          <reporter-output>
          </reporter-output>
        </test-method> <!-- f -->
      </class> <!-- TestNGScripts.SampleExcel -->
    </test> <!-- Default test -->
  </suite> <!-- Default suite -->
</testng-results>
